[10:57:03] [ServerMain/INFO]: Environment: Environment[sessionHost=https://sessionserver.mojang.com, servicesHost=https://api.minecraftservices.com, name=PROD]
[10:57:06] [ServerMain/INFO]: Loaded 1174 recipes
[10:57:06] [ServerMain/INFO]: Loaded 1271 advancements
[10:57:06] [Server thread/INFO]: Starting minecraft server version 1.20.4
[10:57:06] [Server thread/INFO]: Loading properties
[10:57:06] [Server thread/INFO]: This server is running Paper version git-Paper-398 (MC: 1.20.4) (Implementing API version 1.20.4-R0.1-SNAPSHOT) (Git: b700460)
[10:57:07] [Server thread/INFO]: Using 4 threads for Netty based IO
[10:57:07] [Server thread/INFO]: Server Ping Player Sample Count: 12
[10:57:08] [Server thread/WARN]: [!] The timings profiler has been enabled but has been scheduled for removal from Paper in the future.
    We recommend installing the spark profiler as a replacement: https://spark.lucko.me/
    For more information please visit: https://github.com/PaperMC/Paper/issues/8948
[10:57:08] [Server thread/INFO]: [ChunkTaskScheduler] Chunk system is using 1 I/O threads, 2 worker threads, and gen parallelism of 2 threads
[10:57:08] [Server thread/INFO]: Default game type: SURVIVAL
[10:57:08] [Server thread/INFO]: Generating keypair
[10:57:08] [Server thread/INFO]: Starting Minecraft server on *:25567
[10:57:08] [Server thread/INFO]: Using default channel type
[10:57:08] [Server thread/INFO]: Paper: Using Java compression from Velocity.
[10:57:08] [Server thread/INFO]: Paper: Using Java cipher from Velocity.
[10:57:08] [Server thread/INFO]: Server permissions file permissions.yml is empty, ignoring it
[10:57:08] [Server thread/INFO]: Preparing level "world"
[10:57:09] [Server thread/INFO]: Preparing start region for dimension minecraft:overworld
[10:57:11] [Server thread/INFO]: Time elapsed: 1840 ms
[10:57:11] [Server thread/INFO]: Preparing start region for dimension minecraft:the_nether
[10:57:11] [Server thread/INFO]: Time elapsed: 108 ms
[10:57:11] [Server thread/INFO]: Preparing start region for dimension minecraft:the_end
[10:57:11] [Server thread/INFO]: Time elapsed: 72 ms
[10:57:11] [Server thread/INFO]: Running delayed init tasks
[10:57:11] [Server thread/INFO]: Done (4.518s)! For help, type "help"
[10:57:11] [Server thread/INFO]: Timings Reset
[10:59:22] [Server thread/WARN]: Can't keep up! Is the server overloaded? Running 66809ms or 1336 ticks behind
