[20:38:08] [ServerMain/INFO]: Environment: Environment[sessionHost=https://sessionserver.mojang.com, servicesHost=https://api.minecraftservices.com, name=PROD]
[20:38:11] [ServerMain/INFO]: Loaded 1174 recipes
[20:38:11] [ServerMain/INFO]: Loaded 1271 advancements
[20:38:12] [Server thread/INFO]: Starting minecraft server version 1.20.4
[20:38:12] [Server thread/INFO]: Loading properties
[20:38:12] [Server thread/INFO]: This server is running Paper version git-Paper-398 (MC: 1.20.4) (Implementing API version 1.20.4-R0.1-SNAPSHOT) (Git: b700460)
[20:38:12] [Server thread/INFO]: Using 4 threads for Netty based IO
[20:38:12] [Server thread/INFO]: Server Ping Player Sample Count: 12
[20:38:13] [Server thread/WARN]: [!] The timings profiler has been enabled but has been scheduled for removal from Paper in the future.
    We recommend installing the spark profiler as a replacement: https://spark.lucko.me/
    For more information please visit: https://github.com/PaperMC/Paper/issues/8948
[20:38:13] [Server thread/INFO]: [ChunkTaskScheduler] Chunk system is using 1 I/O threads, 2 worker threads, and gen parallelism of 2 threads
[20:38:13] [Server thread/INFO]: Default game type: SURVIVAL
[20:38:13] [Server thread/INFO]: Generating keypair
[20:38:14] [Server thread/INFO]: Starting Minecraft server on *:25565
[20:38:14] [Server thread/INFO]: Using default channel type
[20:38:14] [Server thread/INFO]: Paper: Using Java compression from Velocity.
[20:38:14] [Server thread/INFO]: Paper: Using Java cipher from Velocity.
[20:38:14] [Server thread/INFO]: Server permissions file permissions.yml is empty, ignoring it
[20:38:14] [Server thread/INFO]: Preparing level "world"
[20:38:15] [Server thread/INFO]: Preparing start region for dimension minecraft:overworld
[20:38:15] [Server thread/INFO]: Time elapsed: 327 ms
[20:38:15] [Server thread/INFO]: Preparing start region for dimension minecraft:the_nether
[20:38:15] [Server thread/INFO]: Time elapsed: 92 ms
[20:38:15] [Server thread/INFO]: Preparing start region for dimension minecraft:the_end
[20:38:15] [Server thread/INFO]: Time elapsed: 195 ms
[20:38:16] [Server thread/INFO]: Running delayed init tasks
[20:38:16] [Server thread/INFO]: Done (4.114s)! For help, type "help"
[20:38:16] [Server thread/INFO]: Timings Reset
