[22:28:35] [ServerMain/INFO]: Environment: Environment[sessionHost=https://sessionserver.mojang.com, servicesHost=https://api.minecraftservices.com, name=PROD]
[22:28:35] [Yggdrasil Key Fetcher/ERROR]: Failed to request yggdrasil public key
com.mojang.authlib.exceptions.MinecraftClientException: Failed to read from https://api.minecraftservices.com/publickeys due to api.minecraftservices.com
	at com.mojang.authlib.minecraft.client.MinecraftClient.readInputStream(MinecraftClient.java:108) ~[authlib-6.0.52.jar:?]
	at com.mojang.authlib.minecraft.client.MinecraftClient.get(MinecraftClient.java:57) ~[authlib-6.0.52.jar:?]
	at com.mojang.authlib.yggdrasil.YggdrasilServicesKeyInfo.fetch(YggdrasilServicesKeyInfo.java:114) ~[authlib-6.0.52.jar:?]
	at com.mojang.authlib.yggdrasil.YggdrasilServicesKeyInfo$1.run(YggdrasilServicesKeyInfo.java:89) ~[authlib-6.0.52.jar:?]
	at java.util.concurrent.Executors$RunnableAdapter.call(Executors.java:539) ~[?:?]
	at java.util.concurrent.FutureTask.run(FutureTask.java:264) ~[?:?]
	at java.util.concurrent.ScheduledThreadPoolExecutor$ScheduledFutureTask.run(ScheduledThreadPoolExecutor.java:304) ~[?:?]
	at java.util.concurrent.ThreadPoolExecutor.runWorker(ThreadPoolExecutor.java:1136) ~[?:?]
	at java.util.concurrent.ThreadPoolExecutor$Worker.run(ThreadPoolExecutor.java:635) ~[?:?]
	at java.lang.Thread.run(Thread.java:842) ~[?:?]
Caused by: java.net.UnknownHostException: api.minecraftservices.com
	at sun.nio.ch.NioSocketImpl.connect(NioSocketImpl.java:572) ~[?:?]
	at java.net.SocksSocketImpl.connect(SocksSocketImpl.java:327) ~[?:?]
	at java.net.Socket.connect(Socket.java:633) ~[?:?]
	at sun.security.ssl.SSLSocketImpl.connect(SSLSocketImpl.java:304) ~[?:?]
	at sun.net.NetworkClient.doConnect(NetworkClient.java:178) ~[?:?]
	at sun.net.www.http.HttpClient.openServer(HttpClient.java:534) ~[?:?]
	at sun.net.www.http.HttpClient.openServer(HttpClient.java:639) ~[?:?]
	at sun.net.www.protocol.https.HttpsClient.<init>(HttpsClient.java:266) ~[?:?]
	at sun.net.www.protocol.https.HttpsClient.New(HttpsClient.java:380) ~[?:?]
	at sun.net.www.protocol.https.AbstractDelegateHttpsURLConnection.getNewHttpClient(AbstractDelegateHttpsURLConnection.java:193) ~[?:?]
	at sun.net.www.protocol.http.HttpURLConnection.plainConnect0(HttpURLConnection.java:1287) ~[?:?]
	at sun.net.www.protocol.http.HttpURLConnection.plainConnect(HttpURLConnection.java:1128) ~[?:?]
	at sun.net.www.protocol.https.AbstractDelegateHttpsURLConnection.connect(AbstractDelegateHttpsURLConnection.java:179) ~[?:?]
	at sun.net.www.protocol.http.HttpURLConnection.getInputStream0(HttpURLConnection.java:1665) ~[?:?]
	at sun.net.www.protocol.http.HttpURLConnection.getInputStream(HttpURLConnection.java:1589) ~[?:?]
	at java.net.HttpURLConnection.getResponseCode(HttpURLConnection.java:529) ~[?:?]
	at sun.net.www.protocol.https.HttpsURLConnectionImpl.getResponseCode(HttpsURLConnectionImpl.java:308) ~[?:?]
	at com.mojang.authlib.minecraft.client.MinecraftClient.readInputStream(MinecraftClient.java:84) ~[authlib-6.0.52.jar:?]
	... 9 more
[22:28:39] [ServerMain/INFO]: Loaded 1174 recipes
[22:28:40] [ServerMain/INFO]: Loaded 1271 advancements
[22:28:40] [Server thread/INFO]: Starting minecraft server version 1.20.4
[22:28:40] [Server thread/INFO]: Loading properties
[22:28:40] [Server thread/INFO]: This server is running Paper version git-Paper-398 (MC: 1.20.4) (Implementing API version 1.20.4-R0.1-SNAPSHOT) (Git: b700460)
[22:28:41] [Server thread/INFO]: Server Ping Player Sample Count: 12
[22:28:41] [Server thread/INFO]: Using 4 threads for Netty based IO
[22:28:41] [Server thread/WARN]: [!] The timings profiler has been enabled but has been scheduled for removal from Paper in the future.
    We recommend installing the spark profiler as a replacement: https://spark.lucko.me/
    For more information please visit: https://github.com/PaperMC/Paper/issues/8948
[22:28:41] [Server thread/INFO]: [ChunkTaskScheduler] Chunk system is using 1 I/O threads, 2 worker threads, and gen parallelism of 2 threads
[22:28:42] [Server thread/INFO]: Default game type: SURVIVAL
[22:28:42] [Server thread/INFO]: Generating keypair
[22:28:42] [Server thread/INFO]: Starting Minecraft server on *:25565
[22:28:42] [Server thread/INFO]: Using default channel type
[22:28:42] [Server thread/INFO]: Paper: Using Java compression from Velocity.
[22:28:42] [Server thread/INFO]: Paper: Using Java cipher from Velocity.
[22:28:42] [Server thread/INFO]: Server permissions file permissions.yml is empty, ignoring it
[22:28:42] [Server thread/INFO]: Preparing level "world"
[22:28:43] [Server thread/INFO]: Preparing start region for dimension minecraft:overworld
[22:28:43] [Server thread/INFO]: Time elapsed: 374 ms
[22:28:44] [Server thread/INFO]: Preparing start region for dimension minecraft:the_nether
[22:28:44] [Server thread/INFO]: Time elapsed: 92 ms
[22:28:44] [Server thread/INFO]: Preparing start region for dimension minecraft:the_end
[22:28:45] [Server thread/INFO]: Time elapsed: 1450 ms
[22:28:45] [Server thread/INFO]: Running delayed init tasks
[22:28:45] [Server thread/INFO]: Done (5.337s)! For help, type "help"
[22:28:45] [Server thread/INFO]: Timings Reset
[22:28:56] [Server thread/INFO]: [Not Secure] [Server] test
[22:29:08] [Server thread/INFO]: Stopping the server
[22:29:08] [Server thread/INFO]: Stopping server
[22:29:08] [Server thread/INFO]: Saving players
[22:29:08] [Server thread/INFO]: Saving worlds
[22:29:08] [Server thread/INFO]: Saving chunks for level 'ServerLevel[world]'/minecraft:overworld
[22:29:08] [Server thread/INFO]: [ChunkHolderManager] Waiting 60s for chunk system to halt for world 'world'
[22:29:08] [Server thread/INFO]: [ChunkHolderManager] Halted chunk system for world 'world'
[22:29:08] [Server thread/INFO]: [ChunkHolderManager] Saving all chunkholders for world 'world'
[22:29:10] [Server thread/INFO]: [ChunkHolderManager] Saved 529 block chunks, 529 entity chunks, 0 poi chunks in world 'world' in 1,82s
[22:29:10] [Server thread/INFO]: ThreadedAnvilChunkStorage (world): All chunks are saved
[22:29:10] [Server thread/INFO]: Saving chunks for level 'ServerLevel[world_nether]'/minecraft:the_nether
[22:29:10] [Server thread/INFO]: [ChunkHolderManager] Waiting 60s for chunk system to halt for world 'world_nether'
[22:29:10] [Server thread/INFO]: [ChunkHolderManager] Halted chunk system for world 'world_nether'
[22:29:10] [Server thread/INFO]: [ChunkHolderManager] Saving all chunkholders for world 'world_nether'
[22:29:11] [Server thread/INFO]: [ChunkHolderManager] Saved 529 block chunks, 529 entity chunks, 0 poi chunks in world 'world_nether' in 0,90s
[22:29:11] [Server thread/INFO]: ThreadedAnvilChunkStorage (DIM-1): All chunks are saved
[22:29:11] [Server thread/INFO]: Saving chunks for level 'ServerLevel[world_the_end]'/minecraft:the_end
[22:29:11] [Server thread/INFO]: [ChunkHolderManager] Waiting 60s for chunk system to halt for world 'world_the_end'
[22:29:11] [Server thread/INFO]: [ChunkHolderManager] Halted chunk system for world 'world_the_end'
[22:29:11] [Server thread/INFO]: [ChunkHolderManager] Saving all chunkholders for world 'world_the_end'
[22:29:11] [Server thread/INFO]: [ChunkHolderManager] Saved 529 block chunks, 529 entity chunks, 0 poi chunks in world 'world_the_end' in 0,27s
[22:29:11] [Server thread/INFO]: ThreadedAnvilChunkStorage (DIM1): All chunks are saved
[22:29:11] [Server thread/INFO]: ThreadedAnvilChunkStorage: All dimensions are saved
[22:29:11] [Server thread/INFO]: Flushing Chunk IO
[22:29:11] [Server thread/INFO]: Closing Thread Pool
[22:29:11] [Server thread/INFO]: Closing Server
